<?xml version="1.0" encoding="UTF-8"?>
<testsuite name="TestPatient" tests="1" skipped="0" failures="0" errors="0" timestamp="2021-12-30T11:16:33" hostname="LAPTOP-2SKG1DTD" time="0.027">
  <properties/>
  <testcase name="testWhereAmI()" classname="TestPatient" time="0.027"/>
  <system-out><![CDATA[]]></system-out>
  <system-err><![CDATA[]]></system-err>
</testsuite>
