<?xml version="1.0" encoding="UTF-8" ?>
<testsuite tests="1" failures="0" name="com.peter.DemoTest" time="0.008" errors="0" skipped="0">
  <properties>
    <property name="idea.version" value="2020.3.4"/>
    <property name="java.runtime.name" value="Java(TM) SE Runtime Environment"/>
    <property name="java.vm.version" value="15.0.2+7-27"/>
    <property name="sun.boot.library.path" value="D:\SoftwareAPPs\Java\Installer\bin"/>
    <property name="maven.multiModuleProjectDirectory" value="E:\SoftwareDevelopmentJava\5 -Maven\2-maven-project\Java02"/>
    <property name="java.vm.vendor" value="Oracle Corporation"/>
    <property name="java.vendor.url" value="https://java.oracle.com/"/>
    <property name="guice.disable.misplaced.annotation.check" value="true"/>
    <property name="path.separator" value=";"/>
    <property name="java.vm.name" value="Java HotSpot(TM) 64-Bit Server VM"/>
    <property name="sun.os.patch.level" value=""/>
    <property name="user.script" value=""/>
    <property name="user.country" value="GB"/>
    <property name="sun.java.launcher" value="SUN_STANDARD"/>
    <property name="java.vm.specification.name" value="Java Virtual Machine Specification"/>
    <property name="user.dir" value="E:\SoftwareDevelopmentJava\5 -Maven\2-maven-project\Java02"/>
    <property name="java.vm.compressedOopsMode" value="Zero based"/>
    <property name="java.runtime.version" value="15.0.2+7-27"/>
    <property name="os.arch" value="amd64"/>
    <property name="java.io.tmpdir" value="C:\Users\Peter\AppData\Local\Temp\"/>
    <property name="line.separator" value="
"/>
    <property name="java.vm.specification.vendor" value="Oracle Corporation"/>
    <property name="user.variant" value=""/>
    <property name="os.name" value="Windows 10"/>
    <property name="maven.ext.class.path" value="D:\SoftwareAPPs\IntelliJ_IDEA\Installer\IntelliJ IDEA Community Edition 2020.3.2\plugins\maven\lib\maven-event-listener.jar"/>
    <property name="classworlds.conf" value="D:\SoftwareAPPs\Maven\apache-maven-3.8.4\bin\m2.conf"/>
    <property name="sun.jnu.encoding" value="GBK"/>
    <property name="java.library.path" value="D:\SoftwareAPPs\Java\Installer\bin;C:\WINDOWS\Sun\Java\bin;C:\WINDOWS\system32;C:\WINDOWS;C:\Program Files\NVIDIA GPU Computing Toolkit\CUDA\v11.2\bin;C:\Program Files\NVIDIA GPU Computing Toolkit\CUDA\v11.2\libnvvp;C:\Program Files\Common Files\Oracle\Java\javapath;D:\Download\Perl\Installation\bin;C:\Users\Peter\AppData\Roaming\ActiveState\bin;C:\Program Files\NVIDIA GPU Computing Toolkit\CUDA\v11.0\bin;C:\Program Files\NVIDIA GPU Computing Toolkit\CUDA\v11.0\libnvvp;C:\Windows\system32;C:\Windows;C:\Windows\System32\Wbem;C:\Windows\System32\WindowsPowerShell\v1.0\;C:\Windows\System32\OpenSSH\;C:\Program Files (x86)\NVIDIA Corporation\PhysX\Common;C:\Program Files\NVIDIA Corporation\NVIDIA NvDLISR;D:\Download\pygraphviz\Installer\Graphviz\bin;D:\SoftwareAPPs\Java\Installer\bin;D:\SoftwareAPPs\Java\Installer\jre\bin;C:\WINDOWS\system32;C:\WINDOWS;C:\WINDOWS\System32\Wbem;C:\WINDOWS\System32\WindowsPowerShell\v1.0\;C:\WINDOWS\System32\OpenSSH\;C:\Program Files\MySQL\MySQL Server 8.0\bin;D:\SoftwareAPPs\makefile\Installation\bin;D:\SoftwareAPPs\Redis\;D:\SoftwareAPPs\NodeJs\;D:\MATLAB2021\runtime\win64;D:\MATLAB2021\bin;C:\Program Files\NVIDIA Corporation\Nsight Compute 2020.3.0\;C:\Program Files\Docker\Docker\resources\bin;C:\ProgramData\DockerDesktop\version-bin;D:\SoftwareAPPs\Maven\apache-maven-3.8.4\bin;C:\Program Files\MySQL\MySQL Shell 8.0\bin\;C:\Users\Peter\AppData\Local\Microsoft\WindowsApps;D:\SoftwareAPPs\PyCharm\PyCharmInstaller\PyCharm 2020.3\bin;D:\SoftwareAPPs\VsCode\VsCodeInstaller\Microsoft VS Code\bin;D:\Download\TexLive\TexLIveInstaller\texlive\2020\bin\win32;D:\SoftwareAPPs\Anaconda\AnacondaInstaller\Scripts;D:\SoftwareAPPs\Anaconda\AnacondaInstaller\Library\bin\graphviz;D:\SoftwareAPPs\IntelliJ_IDEA\Installer\IntelliJ IDEA Community Edition 2020.3.2\bin;D:\SoftwareAPPs\DataGrip\Installation\DataGrip 2021.1.3\bin;C:\Users\Peter\AppData\Roaming\npm;D:\SoftwareAPPs\ffmpeg\FFmpeg\bin;D:\SoftwareAPPs\fiddler;C:\Program Files\NVIDIA GPU Computing Toolkit\CUDA\v11.2\bin;C:\Program Files\NVIDIA GPU Computing Toolkit\CUDA\v11.2\libnvvp;;."/>
    <property name="maven.conf" value="D:\SoftwareAPPs\Maven\apache-maven-3.8.4/conf"/>
    <property name="jdk.debug" value="release"/>
    <property name="java.class.version" value="59.0"/>
    <property name="java.specification.name" value="Java Platform API Specification"/>
    <property name="sun.management.compiler" value="HotSpot 64-Bit Tiered Compilers"/>
    <property name="os.version" value="10.0"/>
    <property name="user.home" value="C:\Users\Peter"/>
    <property name="user.timezone" value="Europe/London"/>
    <property name="file.encoding" value="UTF-8"/>
    <property name="java.specification.version" value="15"/>
    <property name="user.name" value="Peter"/>
    <property name="java.class.path" value="D:\SoftwareAPPs\Maven\apache-maven-3.8.4\boot\plexus-classworlds-2.6.0.jar;D:\SoftwareAPPs\Maven\apache-maven-3.8.4\boot\plexus-classworlds.license"/>
    <property name="java.vm.specification.version" value="15"/>
    <property name="sun.arch.data.model" value="64"/>
    <property name="sun.java.command" value="org.codehaus.classworlds.Launcher -Didea.version=2020.3.4 -s D:\SoftwareAPPs\Maven\apache-maven-3.8.4\conf\settings.xml test"/>
    <property name="java.home" value="D:\SoftwareAPPs\Java\Installer"/>
    <property name="user.language" value="en"/>
    <property name="java.specification.vendor" value="Oracle Corporation"/>
    <property name="java.vm.info" value="mixed mode, sharing"/>
    <property name="java.version" value="15.0.2"/>
    <property name="java.vendor" value="Oracle Corporation"/>
    <property name="maven.home" value="D:\SoftwareAPPs\Maven\apache-maven-3.8.4"/>
    <property name="file.separator" value="\"/>
    <property name="java.version.date" value="2021-01-19"/>
    <property name="java.vendor.url.bug" value="https://bugreport.java.com/bugreport/"/>
    <property name="sun.io.unicode.encoding" value="UnicodeLittle"/>
    <property name="sun.cpu.endian" value="little"/>
    <property name="sun.cpu.isalist" value="amd64"/>
  </properties>
  <testcase classname="com.peter.DemoTest" name="testSay" time="0.008"/>
</testsuite>